You are allocated NVIDIA GeForce GTX 1080 Ti on bat
You are using GPU 0
Requirement already satisfied: pip in ./myenv/lib/python3.9/site-packages (25.0.1)
Requirement already satisfied: numpy in ./myenv/lib/python3.9/site-packages (2.0.2)
Requirement already satisfied: transformers in ./myenv/lib/python3.9/site-packages (4.50.1)
Requirement already satisfied: torch in ./myenv/lib/python3.9/site-packages (2.6.0)
Requirement already satisfied: tqdm in ./myenv/lib/python3.9/site-packages (4.67.1)
Requirement already satisfied: pandas in ./myenv/lib/python3.9/site-packages (2.2.3)
Requirement already satisfied: accelerate in ./myenv/lib/python3.9/site-packages (1.5.2)
Requirement already satisfied: bitsandbytes in ./myenv/lib/python3.9/site-packages (0.45.4)
Requirement already satisfied: filelock in ./myenv/lib/python3.9/site-packages (from transformers) (3.18.0)
Requirement already satisfied: huggingface-hub<1.0,>=0.26.0 in ./myenv/lib/python3.9/site-packages (from transformers) (0.29.3)
Requirement already satisfied: packaging>=20.0 in ./myenv/lib/python3.9/site-packages (from transformers) (24.2)
Requirement already satisfied: pyyaml>=5.1 in ./myenv/lib/python3.9/site-packages (from transformers) (6.0.2)
Requirement already satisfied: regex!=2019.12.17 in ./myenv/lib/python3.9/site-packages (from transformers) (2024.11.6)
Requirement already satisfied: requests in ./myenv/lib/python3.9/site-packages (from transformers) (2.32.3)
Requirement already satisfied: tokenizers<0.22,>=0.21 in ./myenv/lib/python3.9/site-packages (from transformers) (0.21.1)
Requirement already satisfied: safetensors>=0.4.3 in ./myenv/lib/python3.9/site-packages (from transformers) (0.5.3)
Requirement already satisfied: typing-extensions>=4.10.0 in ./myenv/lib/python3.9/site-packages (from torch) (4.13.0)
Requirement already satisfied: networkx in ./myenv/lib/python3.9/site-packages (from torch) (3.2.1)
Requirement already satisfied: jinja2 in ./myenv/lib/python3.9/site-packages (from torch) (3.1.6)
Requirement already satisfied: fsspec in ./myenv/lib/python3.9/site-packages (from torch) (2025.3.0)
Requirement already satisfied: nvidia-cuda-nvrtc-cu12==12.4.127 in ./myenv/lib/python3.9/site-packages (from torch) (12.4.127)
Requirement already satisfied: nvidia-cuda-runtime-cu12==12.4.127 in ./myenv/lib/python3.9/site-packages (from torch) (12.4.127)
Requirement already satisfied: nvidia-cuda-cupti-cu12==12.4.127 in ./myenv/lib/python3.9/site-packages (from torch) (12.4.127)
Requirement already satisfied: nvidia-cudnn-cu12==9.1.0.70 in ./myenv/lib/python3.9/site-packages (from torch) (9.1.0.70)
Requirement already satisfied: nvidia-cublas-cu12==12.4.5.8 in ./myenv/lib/python3.9/site-packages (from torch) (12.4.5.8)
Requirement already satisfied: nvidia-cufft-cu12==11.2.1.3 in ./myenv/lib/python3.9/site-packages (from torch) (11.2.1.3)
Requirement already satisfied: nvidia-curand-cu12==10.3.5.147 in ./myenv/lib/python3.9/site-packages (from torch) (10.3.5.147)
Requirement already satisfied: nvidia-cusolver-cu12==11.6.1.9 in ./myenv/lib/python3.9/site-packages (from torch) (11.6.1.9)
Requirement already satisfied: nvidia-cusparse-cu12==12.3.1.170 in ./myenv/lib/python3.9/site-packages (from torch) (12.3.1.170)
Requirement already satisfied: nvidia-cusparselt-cu12==0.6.2 in ./myenv/lib/python3.9/site-packages (from torch) (0.6.2)
Requirement already satisfied: nvidia-nccl-cu12==2.21.5 in ./myenv/lib/python3.9/site-packages (from torch) (2.21.5)
Requirement already satisfied: nvidia-nvtx-cu12==12.4.127 in ./myenv/lib/python3.9/site-packages (from torch) (12.4.127)
Requirement already satisfied: nvidia-nvjitlink-cu12==12.4.127 in ./myenv/lib/python3.9/site-packages (from torch) (12.4.127)
Requirement already satisfied: triton==3.2.0 in ./myenv/lib/python3.9/site-packages (from torch) (3.2.0)
Requirement already satisfied: sympy==1.13.1 in ./myenv/lib/python3.9/site-packages (from torch) (1.13.1)
Requirement already satisfied: mpmath<1.4,>=1.1.0 in ./myenv/lib/python3.9/site-packages (from sympy==1.13.1->torch) (1.3.0)
Requirement already satisfied: python-dateutil>=2.8.2 in ./myenv/lib/python3.9/site-packages (from pandas) (2.9.0.post0)
Requirement already satisfied: pytz>=2020.1 in ./myenv/lib/python3.9/site-packages (from pandas) (2025.2)
Requirement already satisfied: tzdata>=2022.7 in ./myenv/lib/python3.9/site-packages (from pandas) (2025.2)
Requirement already satisfied: psutil in ./myenv/lib/python3.9/site-packages (from accelerate) (7.0.0)
Requirement already satisfied: six>=1.5 in ./myenv/lib/python3.9/site-packages (from python-dateutil>=2.8.2->pandas) (1.17.0)
Requirement already satisfied: MarkupSafe>=2.0 in ./myenv/lib/python3.9/site-packages (from jinja2->torch) (3.0.2)
Requirement already satisfied: charset-normalizer<4,>=2 in ./myenv/lib/python3.9/site-packages (from requests->transformers) (3.4.1)
Requirement already satisfied: idna<4,>=2.5 in ./myenv/lib/python3.9/site-packages (from requests->transformers) (3.10)
Requirement already satisfied: urllib3<3,>=1.21.1 in ./myenv/lib/python3.9/site-packages (from requests->transformers) (2.3.0)
Requirement already satisfied: certifi>=2017.4.17 in ./myenv/lib/python3.9/site-packages (from requests->transformers) (2025.1.31)
Initializing DeepSeek model...
Sliding Window Attention is enabled but not implemented for `sdpa`; unexpected results may be encountered.
Loading checkpoint shards:   0%|          | 0/2 [00:00<?, ?it/s]slurmstepd: error: Detected 1 oom_kill event in StepId=33229.1. Some of the step tasks have been OOM Killed.
srun: error: bat: task 0: Out Of Memory
srun: Terminating StepId=33229.1
